153143.800; 48.464440; -4.572655; 97.6; 36° 54'
153447.200; 48.464497; -4.572705; 93.6; 111° 40'
153500.700; 48.464333; -4.572948; 92.7; 105° 59'
153513.100; 48.464225; -4.573117; 92.5; 110° 13'
153527.800; 48.464065; -4.573213; 90.2; 110° 46'
153608.900; 48.463898; -4.573097; 87.4; 194° 19'
153630.700; 48.463847; -4.572807; 87.0; 185° 39'
153641.900; 48.463825; -4.572520; 86.7; 191° 16'
153655.900; 48.463865; -4.572290; 86.6; 181° 29'
153741.100; 48.463663; -4.572235; 85.3; 109° 52'
153756.500; 48.463500; -4.572375; 85.4; 135° 8'
153821.600; 48.463338; -4.572440; 84.9; 128° 51'
153828.400; 48.463072; -4.572250; 85.1; 147° 8'
153832.200; 48.462995; -4.572262; 85.2; 153° 46'
153841.900; 48.463133; -4.572413; 85.7; 153° 55'
153856.100; 48.463002; -4.572190; 85.9; 179° 16'
153912.200; 48.462940; -4.571925; 86.7; 187° 50'
153930.100; 48.462968; -4.571620; 87.8; 179° 39'
153938.700; 48.462985; -4.571380; 88.2; 184° 51'
154000.600; 48.462777; -4.571435; 89.5; 112° 16'
154017.900; 48.462605; -4.571497; 89.0; 160° 55'
154038.900; 48.462497; -4.571297; 90.1; 188° 8'
154059.200; 48.462495; -4.571010; 91.8; 169° 24'
154119.300; 48.462470; -4.570733; 93.5; 174° 47'
154138.600; 48.462385; -4.570507; 95.4; 180° 15'
154200.500; 48.462307; -4.570273; 97.6; 177° 25'
154210.500; 48.462243; -4.569992; 98.6; 196° 42'
154238.700; 48.462083; -4.569848; 101.7; 184° 56'
154257.600; 48.462040; -4.569637; 103.6; 180° 12'
154318.400; 48.461983; -4.569318; 105.6; 190° 11'
154345.400; 48.461958; -4.569083; 108.4; 158° 8'
154417.100; 48.461903; -4.568837; 111.7; 171° 50'
154429.800; 48.461823; -4.568553; 113.0; 184° 11'
154446.400; 48.461798; -4.568290; 114.8; 183° 49'
154507.700; 48.461953; -4.568115; 116.3; 207° 8'
154527.600; 48.461963; -4.567810; 118.5; 90° 56'
154545.600; 48.462050; -4.567607; 119.7; 38° 35'
154602.200; 48.462210; -4.567493; 121.3; 68° 56'
154619.400; 48.462363; -4.567415; 123.0; 47° 59'
154640.500; 48.462467; -4.567172; 125.3; 159° 43'
154656.100; 48.462642; -4.567085; 126.6; 173° 46'
154739.900; 48.462438; -4.566927; 127.8; 351° 14'
154753.600; 48.462392; -4.566717; 127.5; 351° 48'
154840.900; 48.462637; -4.566742; 125.7; 35° 43'
154850.700; 48.462808; -4.566743; 125.7; 53° 28'
154901.600; 48.462968; -4.566648; 125.7; 147° 11'
154920.800; 48.463143; -4.566648; 125.1; 42° 29'
154932.500; 48.463313; -4.566525; 124.9; 76° 22'
154950.600; 48.463463; -4.566463; 125.0; 64° 59'
155019.500; 48.463623; -4.566318; 126.5; 69° 55'
155041.300; 48.463802; -4.566370; 126.7; 184° 30'
155102.600; 48.463930; -4.566135; 127.4; 177° 28'
155119.400; 48.464082; -4.566033; 128.3; 198° 42'
155150.500; 48.464092; -4.565723; 130.3; 183° 50'
155219.500; 48.464123; -4.565472; 130.5; 181° 5'
155235.900; 48.464118; -4.565205; 130.8; 177° 37'
155255.000; 48.464138; -4.564913; 131.5; 184° 51'
155317.700; 48.464245; -4.564607; 132.7; 179° 50'
155330.300; 48.464350; -4.564480; 133.1; 193° 54'
155344.000; 48.464338; -4.564132; 133.3; 181° 17'
155356.900; 48.464370; -4.563912; 134.2; 73° 20'
155410.000; 48.464450; -4.563612; 135.5; 204° 30'
155435.700; 48.464550; -4.563460; 138.6; 194° 54'
155548.500; 48.464763; -4.563475; 132.8; 65° 43'
155603.300; 48.464900; -4.563588; 129.7; 76° 3'
155628.200; 48.465072; -4.563737; 125.9; 58° 46'
155642.500; 48.465248; -4.563855; 123.9; 62° 11'
155700.000; 48.465400; -4.563955; 123.2; 69° 56'
155722.100; 48.465575; -4.563962; 125.6; 72° 52'
155742.800; 48.465740; -4.564123; 125.9; 55° 35'
155754.200; 48.465887; -4.564178; 126.8; 67° 52'
155824.700; 48.466100; -4.564218; 125.0; 60° 42'
155843.800; 48.466250; -4.564293; 124.6; 65° 10'
155903.300; 48.466458; -4.564333; 125.5; 71° 7'
155917.100; 48.466600; -4.564518; 126.2; 67° 21'
155938.000; 48.466765; -4.564598; 126.9; 75° 16'
160012.000; 48.466920; -4.564730; 125.7; 70° 23'
160027.400; 48.467067; -4.564855; 127.2; 72° 40'
160411.800; 48.468710; -4.562862; 129.8; 161° 36'
160427.800; 48.468773; -4.562577; 128.3; 167° 51'
160442.000; 48.468895; -4.562413; 128.4; 169° 32'
160540.300; 48.469078; -4.562302; 122.2; 68° 41'
160559.800; 48.469275; -4.562443; 120.0; 67° 36'
160615.100; 48.469433; -4.562502; 118.3; 67° 41'
160630.900; 48.469562; -4.562657; 114.9; 69° 7'
160653.200; 48.469733; -4.562883; 112.2; 75° 52'
160706.300; 48.469803; -4.563090; 111.2; 106° 8'
160716.000; 48.469953; -4.563197; 110.6; 66° 52'
160750.500; 48.469970; -4.563562; 108.4; 90° 43'
160805.600; 48.469970; -4.563783; 108.0; 91° 11'
160834.900; 48.470058; -4.564020; 106.2; 148° 44'
160901.400; 48.469867; -4.564122; 105.8; 133° 49'
160922.800; 48.469700; -4.564198; 105.8; 123° 5'
160942.200; 48.469587; -4.564458; 105.2; 90° 46'
160955.500; 48.469450; -4.564542; 103.8; 106° 49'
161015.200; 48.469385; -4.564855; 101.2; 108° 52'
161026.200; 48.469353; -4.565080; 100.0; 100° 14'
161044.800; 48.469230; -4.565270; 97.3; 98° 3'
161103.500; 48.469218; -4.565573; 95.2; 94° 41'
161115.100; 48.469168; -4.565818; 93.1; 105° 37'
161132.600; 48.468993; -4.565885; 89.6; 131° 15'
161146.200; 48.468832; -4.565995; 87.7; 143° 44'
161203.000; 48.468670; -4.566062; 84.1; 144° 40'
161219.600; 48.468458; -4.566042; 81.9; 125° 19'
161247.700; 48.468437; -4.566360; 78.7; 105° 22'
161304.100; 48.468248; -4.566515; 78.0; 103° 54'
161328.100; 48.468108; -4.566637; 76.0; 160° 17'
161336.700; 48.467912; -4.566493; 75.7; 156° 58'
161343.500; 48.467770; -4.566425; 75.3; 161° 14'
161408.100; 48.467662; -4.566257; 73.7; 147° 52'
161423.000; 48.467528; -4.566308; 73.1; 100° 40'
161441.200; 48.467380; -4.566533; 71.1; 103° 23'
161453.200; 48.467247; -4.566718; 70.3; 110° 60'
161516.100; 48.467128; -4.566975; 66.4; 94° 35'
161533.200; 48.467115; -4.567195; 64.5; 67° 18'
161550.100; 48.467223; -4.567498; 63.4; 95° 53'
161611.700; 48.467182; -4.567762; 61.0; 86° 54'
161647.900; 48.467117; -4.568040; 60.8; 78° 32'
161657.200; 48.467103; -4.568283; 60.8; 86° 58'
161714.600; 48.467160; -4.568625; 59.6; 85° 15'
161728.700; 48.466998; -4.568727; 58.9; 98° 17'
161752.100; 48.467027; -4.568983; 58.2; 84° 14'
161806.000; 48.466968; -4.569310; 57.7; 80° 37'
161819.600; 48.466883; -4.569545; 57.5; 82° 7'
161836.000; 48.467005; -4.569825; 55.3; 84° 37'
161852.200; 48.466927; -4.570128; 54.8; 86° 20'
161912.300; 48.466832; -4.570272; 53.8; 93° 54'
161929.600; 48.466803; -4.570570; 51.7; 100° 49'
161953.900; 48.466778; -4.570828; 51.6; 65° 23'
162031.100; 48.466652; -4.571040; 51.8; 101° 25'
162040.900; 48.466483; -4.571045; 51.4; 106° 15'
162057.900; 48.466542; -4.571333; 51.7; 104° 16'
162111.900; 48.466403; -4.571432; 51.5; 104° 24'
162127.700; 48.466342; -4.571642; 51.4; 105° 23'
162140.800; 48.466207; -4.571942; 51.8; 104° 35'
162155.800; 48.466212; -4.572160; 52.8; 97° 48'
162231.900; 48.466045; -4.572327; 54.5; 128° 53'
162300.200; 48.465847; -4.572335; 55.1; 143° 27'
162318.800; 48.465583; -4.572353; 54.6; 147° 45'
162334.900; 48.465490; -4.572283; 54.1; 144° 17'
162348.300; 48.465315; -4.572255; 53.6; 148° 9'
162409.200; 48.465065; -4.572240; 54.0; 143° 24'
162436.300; 48.464913; -4.572098; 56.5; 184° 19'
162456.200; 48.464773; -4.572185; 60.4; 124° 21'
162515.700; 48.464650; -4.572375; 62.8; 120° 54'
162529.800; 48.464528; -4.572628; 65.1; 114° 50'
162721.700; 48.464628; -4.572802; 68.6; 13° 37'
183854.585; 0.000000; 0.000000; ; 88° 10'
